
> americanatienda@0.1.0 dev
> next dev

▲ Next.js 16.1.1 (Turbopack)
- Local:         http://localhost:3000
- Network:       http://192.168.0.2:3000

✓ Starting...
Attention: Next.js now collects completely anonymous telemetry regarding usage.
This information is used to shape Next.js' roadmap and prioritize features.
You can learn more, including how to opt-out if you'd not like to participate in this anonymous program, by visiting the following URL:
https://nextjs.org/telemetry

⚠ The "middleware" file convention is deprecated. Please use "proxy" instead. Learn more: https://nextjs.org/docs/messages/middleware-to-proxy
✓ Ready in 1949ms
○ Compiling / ...
Metadata fetch failed TypeError: Failed to parse URL from undefined/rest/v1/site_content?select=key,value
    at async Module.generateMetadata (src/app/layout.tsx:29:21)
  27 |
  28 |     try {
> 29 |         const res = await fetch(`${supabaseUrl}/rest/v1/site_content?select=key,value`, {
     |                     ^
  30 |             headers: {
  31 |                 'apikey': supabaseKey,
  32 |                 'Authorization': `Bearer ${supabaseKey}` {
  [cause]: TypeError: Invalid URL
      at async Module.generateMetadata (src/app/layout.tsx:29:21)
    27 |
    28 |     try {
  > 29 |         const res = await fetch(`${supabaseUrl}/rest/v1/site_content?select=key,value`, {
       |                     ^
    30 |             headers: {
    31 |                 'apikey': supabaseKey,
    32 |                 'Authorization': `Bearer ${supabaseKey}` {
    code: 'ERR_INVALID_URL',
    input: 'undefined/rest/v1/site_content?select=key,value'
  }
}
⚠ Unsupported metadata themeColor is configured in metadata export in /. Please move it to viewport export instead.
Read more: https://nextjs.org/docs/app/api-reference/functions/generate-viewport
 GET / 200 in 11.0s (compile: 9.2s, proxy.ts: 232ms, render: 1650ms)
Metadata fetch failed TypeError: Failed to parse URL from undefined/rest/v1/site_content?select=key,value
    at async Module.generateMetadata (src/app/layout.tsx:29:21)
  27 |
  28 |     try {
> 29 |         const res = await fetch(`${supabaseUrl}/rest/v1/site_content?select=key,value`, {
     |                     ^
  30 |             headers: {
  31 |                 'apikey': supabaseKey,
  32 |                 'Authorization': `Bearer ${supabaseKey}` {
  [cause]: TypeError: Invalid URL
      at async Module.generateMetadata (src/app/layout.tsx:29:21)
    27 |
    28 |     try {
  > 29 |         const res = await fetch(`${supabaseUrl}/rest/v1/site_content?select=key,value`, {
       |                     ^
    30 |             headers: {
    31 |                 'apikey': supabaseKey,
    32 |                 'Authorization': `Bearer ${supabaseKey}` {
    code: 'ERR_INVALID_URL',
    input: 'undefined/rest/v1/site_content?select=key,value'
  }
}
⚠ Unsupported metadata themeColor is configured in metadata export in /shops. Please move it to viewport export instead.
Read more: https://nextjs.org/docs/app/api-reference/functions/generate-viewport
 GET /shops 200 in 3.0s (compile: 2.1s, proxy.ts: 15ms, render: 929ms)
[?25h
